<?xml version="1.0" encoding="UTF-8"?>
<!-- Generated by org.testng.reporters.JUnitXMLReporter -->
<testsuite ignored="0" hostname="LAPTOP-L05GNA69" failures="0" tests="7" name="Surefire test" time="56.767" errors="0" timestamp="2024-11-30T01:57:11 IST">
  <testcase classname="demoShop.testpage.Test_AppareInShoesPageOfDemoShop" name="addShoeInCart" time="4.86"/>
  <testcase classname="demoShop.testpage.Test_Checkout" name="checkoutProcess" time="1.7"/>
  <testcase classname="demoShop.testpage.Test_HomePageOfDemoShop" name="nextPage" time="0.859"/>
  <testcase classname="demoShop.testpage.Test_HomePageOfDemoShop" name="verifyUserProfileOfDemoShop" time="0.029"/>
  <testcase classname="demoShop.testpage.Test_HomePageOfDemoShop" name="verifyTitileOfHomepageOfDemoShop" time="0.007"/>
  <testcase classname="demoShop.testpage.Test_LoginPageOfDemoShop" name="verifyTitleofLoginPageOfDemoShop" time="0.007"/>
  <testcase classname="test.com.Execution.TestLoginExecution" name="testloginProcess" time="0.009"/>
</testsuite> <!-- Surefire test -->
