<?xml version="1.0" encoding="UTF-8"?>
<testng-results ignored="0" total="2" passed="2" failed="0" skipped="0">
  <reporter-output>
  </reporter-output>
  <suite started-at="2025-01-09T02:00:36 IST" name="Default suite" finished-at="2025-01-09T02:00:46 IST" duration-ms="10360">
    <groups>
    </groups>
    <test started-at="2025-01-09T02:00:36 IST" name="Default test" finished-at="2025-01-09T02:00:46 IST" duration-ms="10360">
      <class name="ComTestPackage.ExcelLink">
        <test-method signature="executeMeMethod(java.lang.String,java.lang.String,java.lang.String,java.lang.String,java.lang.String,java.lang.String,java.lang.String,java.lang.String,java.lang.String)[pri:0, instance:ComTestPackage.ExcelLink@752325ad]" started-at="2025-01-09T02:00:36 IST" name="executeMeMethod" data-provider="ThisData" finished-at="2025-01-09T02:00:41 IST" duration-ms="4676" status="PASS">
          <params>
            <param index="0">
              <value>
                <![CDATA[Audi]]>
              </value>
            </param>
            <param index="1">
              <value>
                <![CDATA[1000]]>
              </value>
            </param>
            <param index="2">
              <value>
                <![CDATA[11/01/2024]]>
              </value>
            </param>
            <param index="3">
              <value>
                <![CDATA[4]]>
              </value>
            </param>
            <param index="4">
              <value>
                <![CDATA[Petrol]]>
              </value>
            </param>
            <param index="5">
              <value>
                <![CDATA[1000]]>
              </value>
            </param>
            <param index="6">
              <value>
                <![CDATA[WB7889]]>
              </value>
            </param>
            <param index="7">
              <value>
                <![CDATA[1200]]>
              </value>
            </param>
            <param index="8">
              <value>
                <![CDATA[Yes]]>
              </value>
            </param>
          </params>
          <reporter-output>
          </reporter-output>
        </test-method> <!-- executeMeMethod -->
        <test-method signature="executeMeMethod(java.lang.String,java.lang.String,java.lang.String,java.lang.String,java.lang.String,java.lang.String,java.lang.String,java.lang.String,java.lang.String)[pri:0, instance:ComTestPackage.ExcelLink@752325ad]" started-at="2025-01-09T02:00:41 IST" name="executeMeMethod" data-provider="ThisData" finished-at="2025-01-09T02:00:46 IST" duration-ms="4885" status="PASS">
          <params>
            <param index="0">
              <value>
                <![CDATA[BMW]]>
              </value>
            </param>
            <param index="1">
              <value>
                <![CDATA[2000]]>
              </value>
            </param>
            <param index="2">
              <value>
                <![CDATA[12/22/2024]]>
              </value>
            </param>
            <param index="3">
              <value>
                <![CDATA[4]]>
              </value>
            </param>
            <param index="4">
              <value>
                <![CDATA[Diesel]]>
              </value>
            </param>
            <param index="5">
              <value>
                <![CDATA[1200]]>
              </value>
            </param>
            <param index="6">
              <value>
                <![CDATA[WB4388]]>
              </value>
            </param>
            <param index="7">
              <value>
                <![CDATA[1000]]>
              </value>
            </param>
            <param index="8">
              <value>
                <![CDATA[No]]>
              </value>
            </param>
          </params>
          <reporter-output>
          </reporter-output>
        </test-method> <!-- executeMeMethod -->
      </class> <!-- ComTestPackage.ExcelLink -->
    </test> <!-- Default test -->
  </suite> <!-- Default suite -->
</testng-results>
