<?xml version="1.0" encoding="UTF-8"?>
<testng-results ignored="0" total="1" passed="1" failed="0" skipped="0">
  <reporter-output>
  </reporter-output>
  <suite started-at="2024-11-11T01:24:32 IST" name="Default suite" finished-at="2024-11-11T01:24:47 IST" duration-ms="15148">
    <groups>
    </groups>
    <test started-at="2024-11-11T01:24:32 IST" name="Default test" finished-at="2024-11-11T01:24:47 IST" duration-ms="15148">
      <class name="demoShop.testpage.Test_Checkout">
        <test-method is-config="true" signature="startUp()[pri:0, instance:demoShop.testpage.Test_Checkout@7c6908d7]" started-at="2024-11-11T01:24:32 IST" name="startUp" finished-at="2024-11-11T01:24:45 IST" duration-ms="13476" status="PASS">
          <reporter-output>
          </reporter-output>
        </test-method> <!-- startUp -->
        <test-method signature="checkoutProcess()[pri:0, instance:demoShop.testpage.Test_Checkout@7c6908d7]" started-at="2024-11-11T01:24:45 IST" name="checkoutProcess" finished-at="2024-11-11T01:24:47 IST" duration-ms="1624" status="PASS">
          <reporter-output>
          </reporter-output>
        </test-method> <!-- checkoutProcess -->
        <test-method is-config="true" signature="tearDown()[pri:0, instance:demoShop.testpage.Test_Checkout@7c6908d7]" started-at="2024-11-11T01:24:47 IST" name="tearDown" finished-at="2024-11-11T01:24:47 IST" duration-ms="5" status="PASS">
          <reporter-output>
          </reporter-output>
        </test-method> <!-- tearDown -->
      </class> <!-- demoShop.testpage.Test_Checkout -->
    </test> <!-- Default test -->
  </suite> <!-- Default suite -->
</testng-results>
